<?xml version="1.0" encoding="UTF-8"?>
<!-- Generated by org.testng.reporters.JUnitXMLReporter -->
<testsuite hostname="DESKTOP-8P3UHHS" ignored="0" name="Command line test" tests="6" failures="1" timestamp="15 Aug 2017 11:16:08 GMT" time="0.081" errors="0">
  <testcase name="addTest" time="0.0" classname="com.testng.sample1.HelloWorld"/>
  <testcase name="subtractTest" time="0.001" classname="com.testng.sample1.HelloWorld"/>
  <testcase name="verifyHomepageTitle" time="0.049" classname="com.testng.sample1.NewTest">
    <failure type="java.lang.NoSuchMethodError" message="com.google.common.base.Preconditions.checkState(ZLjava/lang/String;Ljava/lang/Object;Ljava/lang/Object;Ljava/lang/Object;)V">
      <![CDATA[java.lang.NoSuchMethodError: com.google.common.base.Preconditions.checkState(ZLjava/lang/String;Ljava/lang/Object;Ljava/lang/Object;Ljava/lang/Object;)V
	at org.openqa.selenium.remote.service.DriverService.findExecutable(DriverService.java:124)
	at org.openqa.selenium.chrome.ChromeDriverService.access$000(ChromeDriverService.java:32)
	at org.openqa.selenium.chrome.ChromeDriverService$Builder.findDefaultExecutable(ChromeDriverService.java:137)
	at org.openqa.selenium.remote.service.DriverService$Builder.build(DriverService.java:329)
	at org.openqa.selenium.chrome.ChromeDriverService.createDefaultService(ChromeDriverService.java:88)
	at org.openqa.selenium.chrome.ChromeDriver.<init>(ChromeDriver.java:156)
	at com.testng.sample1.NewTest.verifyHomepageTitle(Unknown Source)
... Removed 24 stack frames]]>
    </failure>
  </testcase> <!-- verifyHomepageTitle -->
  <testcase name="TestCase1" time="0.0" classname="com.testng.sample1.NewTest"/>
  <testcase name="TestCase2" time="0.0" classname="com.testng.sample1.NewTest"/>
  <testcase name="TestCase3" time="0.0" classname="com.testng.sample1.NewTest"/>
</testsuite> <!-- Command line test -->
