<?xml version="1.0" encoding="UTF-8"?>
<!-- Generated by org.testng.reporters.JUnitXMLReporter -->
<testsuite hostname="DESKTOP-8P3UHHS" name="Paralle Testing" tests="6" failures="0" timestamp="17 Sep 2017 09:43:31 GMT" time="11.5" errors="0">
  <testcase name="addTest" time="0.0" classname="com.testng.sample1.HelloWorld"/>
  <testcase name="subtractTest" time="0.0" classname="com.testng.sample1.HelloWorld"/>
  <testcase name="verifyHomepageTitle" time="11.477" classname="com.testng.sample1.NewTest"/>
  <testcase name="TestCase1" time="0.0" classname="com.testng.sample1.NewTest"/>
  <testcase name="TestCase2" time="0.0" classname="com.testng.sample1.NewTest"/>
  <testcase name="TestCase3" time="0.0" classname="com.testng.sample1.NewTest"/>
</testsuite> <!-- Paralle Testing -->
