<?xml version="1.0" encoding="UTF-8"?>
<!-- Generated by org.testng.reporters.JUnitXMLReporter -->
<testsuite hostname="DESKTOP-8P3UHHS" ignored="3" name="Paralle Testing" tests="1" failures="0" timestamp="25 Sep 2017 11:47:06 GMT" time="6.677" errors="0">
  <testcase name="verifyHomepageTitle" time="6.662" classname="com.testng.sample1.NewTest"/>
  <testcase name="TestCase1" time="0.0" classname="com.testng.sample1.NewTest">
    <ignored/>
  </testcase> <!-- TestCase1 -->
  <testcase name="TestCase3" time="0.0" classname="com.testng.sample1.NewTest">
    <ignored/>
  </testcase> <!-- TestCase3 -->
  <testcase name="TestCase2" time="0.0" classname="com.testng.sample1.NewTest">
    <ignored/>
  </testcase> <!-- TestCase2 -->
</testsuite> <!-- Paralle Testing -->
