<?xml version="1.0" encoding="UTF-8"?>
<testng-results skipped="0" failed="0" ignored="0" total="1" passed="1">
  <reporter-output>
  </reporter-output>
  <suite name="Default suite" duration-ms="5719" started-at="2017-09-18T18:11:48Z" finished-at="2017-09-18T18:11:53Z">
    <groups>
    </groups>
    <test name="Default test" duration-ms="5719" started-at="2017-09-18T18:11:48Z" finished-at="2017-09-18T18:11:53Z">
      <class name="com.localserver.samples.Html5Page">
        <test-method status="PASS" signature="verifyHomepageTitle()[pri:0, instance:com.localserver.samples.Html5Page@1efbd816]" name="verifyHomepageTitle" duration-ms="5700" started-at="2017-09-18T23:41:48Z" finished-at="2017-09-18T23:41:53Z">
          <reporter-output>
          </reporter-output>
        </test-method> <!-- verifyHomepageTitle -->
      </class> <!-- com.localserver.samples.Html5Page -->
    </test> <!-- Default test -->
  </suite> <!-- Default suite -->
</testng-results>
