<?xml version="1.0" encoding="UTF-8"?>
<testng-results skipped="0" failed="0" ignored="3" total="4" passed="1">
  <reporter-output>
  </reporter-output>
  <suite name="Parallel test suite" duration-ms="6677" started-at="2017-09-25T11:47:00Z" finished-at="2017-09-25T11:47:06Z">
    <groups>
    </groups>
    <test name="Paralle Testing" duration-ms="6677" started-at="2017-09-25T11:47:00Z" finished-at="2017-09-25T11:47:06Z">
      <class name="com.testng.sample1.NewTest">
        <test-method status="PASS" signature="verifyHomepageTitle()[pri:0, instance:com.testng.sample1.NewTest@7c0e2abd]" name="verifyHomepageTitle" duration-ms="6662" started-at="2017-09-25T17:17:00Z" finished-at="2017-09-25T17:17:06Z">
          <reporter-output>
          </reporter-output>
        </test-method> <!-- verifyHomepageTitle -->
      </class> <!-- com.testng.sample1.NewTest -->
    </test> <!-- Paralle Testing -->
  </suite> <!-- Parallel test suite -->
</testng-results>
