<?xml version="1.0" encoding="UTF-8"?>
<!-- Generated by org.testng.reporters.JUnitXMLReporter -->
<testsuite hostname="DESKTOP-8P3UHHS" ignored="0" name="Command line test" tests="4" failures="0" timestamp="15 Aug 2017 10:47:36 GMT" time="5.552" errors="0">
  <testcase name="TestCase1" time="0.0" classname="com.testng.sample1.NewTest"/>
  <testcase name="TestCase2" time="0.0" classname="com.testng.sample1.NewTest"/>
  <testcase name="TestCase3" time="0.0" classname="com.testng.sample1.NewTest"/>
  <testcase name="verifyHomepageTitle" time="5.548" classname="com.testng.sample1.NewTest"/>
</testsuite> <!-- Command line test -->
