<?xml version="1.0" encoding="UTF-8"?>
<testng-results skipped="0" failed="1" ignored="0" total="6" passed="5">
  <reporter-output>
  </reporter-output>
  <suite name="Command line suite" duration-ms="81" started-at="2017-08-15T11:16:07Z" finished-at="2017-08-15T11:16:07Z">
    <groups>
    </groups>
    <test name="Command line test" duration-ms="81" started-at="2017-08-15T11:16:07Z" finished-at="2017-08-15T11:16:07Z">
      <class name="com.testng.sample1.HelloWorld">
        <test-method status="PASS" signature="setUp()[pri:0, instance:com.testng.sample1.HelloWorld@629f0666]" name="setUp" is-config="true" duration-ms="6" started-at="2017-08-15T16:46:07Z" finished-at="2017-08-15T16:46:07Z">
          <reporter-output>
          </reporter-output>
        </test-method> <!-- setUp -->
        <test-method status="PASS" signature="addTest()[pri:0, instance:com.testng.sample1.HelloWorld@629f0666]" name="addTest" duration-ms="0" started-at="2017-08-15T16:46:07Z" finished-at="2017-08-15T16:46:07Z">
          <reporter-output>
          </reporter-output>
        </test-method> <!-- addTest -->
        <test-method status="PASS" signature="subtractTest()[pri:0, instance:com.testng.sample1.HelloWorld@629f0666]" name="subtractTest" duration-ms="1" started-at="2017-08-15T16:46:07Z" finished-at="2017-08-15T16:46:07Z">
          <reporter-output>
          </reporter-output>
        </test-method> <!-- subtractTest -->
        <test-method status="PASS" signature="setUp()[pri:0, instance:com.testng.sample1.HelloWorld@629f0666]" name="setUp" is-config="true" duration-ms="0" started-at="2017-08-15T16:46:07Z" finished-at="2017-08-15T16:46:07Z">
          <reporter-output>
          </reporter-output>
        </test-method> <!-- setUp -->
      </class> <!-- com.testng.sample1.HelloWorld -->
      <class name="com.testng.sample1.NewTest">
        <test-method status="FAIL" signature="verifyHomepageTitle()[pri:0, instance:com.testng.sample1.NewTest@1bc6a36e]" name="verifyHomepageTitle" duration-ms="49" started-at="2017-08-15T16:46:07Z" finished-at="2017-08-15T16:46:07Z">
          <exception class="java.lang.NoSuchMethodError">
            <message>
              <![CDATA[com.google.common.base.Preconditions.checkState(ZLjava/lang/String;Ljava/lang/Object;Ljava/lang/Object;Ljava/lang/Object;)V]]>
            </message>
            <full-stacktrace>
              <![CDATA[java.lang.NoSuchMethodError: com.google.common.base.Preconditions.checkState(ZLjava/lang/String;Ljava/lang/Object;Ljava/lang/Object;Ljava/lang/Object;)V
	at org.openqa.selenium.remote.service.DriverService.findExecutable(DriverService.java:124)
	at org.openqa.selenium.chrome.ChromeDriverService.access$000(ChromeDriverService.java:32)
	at org.openqa.selenium.chrome.ChromeDriverService$Builder.findDefaultExecutable(ChromeDriverService.java:137)
	at org.openqa.selenium.remote.service.DriverService$Builder.build(DriverService.java:329)
	at org.openqa.selenium.chrome.ChromeDriverService.createDefaultService(ChromeDriverService.java:88)
	at org.openqa.selenium.chrome.ChromeDriver.<init>(ChromeDriver.java:156)
	at com.testng.sample1.NewTest.verifyHomepageTitle(Unknown Source)
	at sun.reflect.NativeMethodAccessorImpl.invoke0(Native Method)
	at sun.reflect.NativeMethodAccessorImpl.invoke(NativeMethodAccessorImpl.java:62)
	at sun.reflect.DelegatingMethodAccessorImpl.invoke(DelegatingMethodAccessorImpl.java:43)
	at java.lang.reflect.Method.invoke(Method.java:498)
	at org.testng.internal.MethodInvocationHelper.invokeMethod(MethodInvocationHelper.java:108)
	at org.testng.internal.Invoker.invokeMethod(Invoker.java:661)
	at org.testng.internal.Invoker.invokeTestMethod(Invoker.java:869)
	at org.testng.internal.Invoker.invokeTestMethods(Invoker.java:1193)
	at org.testng.internal.TestMethodWorker.invokeTestMethods(TestMethodWorker.java:126)
	at org.testng.internal.TestMethodWorker.run(TestMethodWorker.java:109)
	at org.testng.TestRunner.privateRun(TestRunner.java:744)
	at org.testng.TestRunner.run(TestRunner.java:602)
	at org.testng.SuiteRunner.runTest(SuiteRunner.java:380)
	at org.testng.SuiteRunner.runSequentially(SuiteRunner.java:375)
	at org.testng.SuiteRunner.privateRun(SuiteRunner.java:340)
	at org.testng.SuiteRunner.run(SuiteRunner.java:289)
	at org.testng.SuiteRunnerWorker.runSuite(SuiteRunnerWorker.java:52)
	at org.testng.SuiteRunnerWorker.run(SuiteRunnerWorker.java:86)
	at org.testng.TestNG.runSuitesSequentially(TestNG.java:1301)
	at org.testng.TestNG.runSuitesLocally(TestNG.java:1226)
	at org.testng.TestNG.runSuites(TestNG.java:1144)
	at org.testng.TestNG.run(TestNG.java:1115)
	at org.testng.TestNG.privateMain(TestNG.java:1442)
	at org.testng.TestNG.main(TestNG.java:1411)
]]>
            </full-stacktrace>
          </exception> <!-- java.lang.NoSuchMethodError -->
          <reporter-output>
          </reporter-output>
        </test-method> <!-- verifyHomepageTitle -->
        <test-method status="PASS" signature="TestCase1()[pri:0, instance:com.testng.sample1.NewTest@1bc6a36e]" name="TestCase1" duration-ms="0" started-at="2017-08-15T16:46:07Z" finished-at="2017-08-15T16:46:07Z">
          <reporter-output>
          </reporter-output>
        </test-method> <!-- TestCase1 -->
        <test-method status="PASS" signature="TestCase3()[pri:0, instance:com.testng.sample1.NewTest@1bc6a36e]" name="TestCase3" duration-ms="0" started-at="2017-08-15T16:46:07Z" finished-at="2017-08-15T16:46:07Z">
          <reporter-output>
          </reporter-output>
        </test-method> <!-- TestCase3 -->
        <test-method status="PASS" signature="TestCase2()[pri:0, instance:com.testng.sample1.NewTest@1bc6a36e]" name="TestCase2" duration-ms="0" started-at="2017-08-15T16:46:07Z" finished-at="2017-08-15T16:46:07Z">
          <reporter-output>
          </reporter-output>
        </test-method> <!-- TestCase2 -->
      </class> <!-- com.testng.sample1.NewTest -->
    </test> <!-- Command line test -->
  </suite> <!-- Command line suite -->
</testng-results>
